# JRE version: OpenJDK Runtime Environment (16.0.1+9) (build 16.0.1+9-24)
# Java VM: OpenJDK 64-Bit Server VM (16.0.1+9-24, mixed mode, tiered, compressed oops, compressed class ptrs, g1 gc, windows-amd64)
GC Precious Log:
 CPUs: 4 total, 4 available
 Memory: 3919M
 Large Page Support: Disabled
 NUMA Support: Disabled
 Compressed Oops: Enabled (32-bit)
 Heap Region Size: 1M
 Heap Min Capacity: 8M
 Heap Initial Capacity: 62M
 Heap Max Capacity: 980M
 Pre-touch: Disabled
 Parallel Workers: 4
 Concurrent Workers: 1
 Concurrent Refinement Workers: 4
 Periodic GC: Disabled
Heap:
 garbage-first heap   total 75776K, used 14754K [0x00000000c2c00000, 0x0000000100000000)
  region size 1024K, 7 young (7168K), 2 survivors (2048K)
 Metaspace       used 26824K, committed 27008K, reserved 1073152K
  class space    used 2979K, committed 3072K, reserved 1048576K
GC Heap History (16 events):
Event: 2.284 GC heap before
{Heap before GC invocations=0 (full 0):
 garbage-first heap   total 63488K, used 13312K [0x00000000c2c00000, 0x0000000100000000)
  region size 1024K, 13 young (13312K), 0 survivors (0K)
 Metaspace       used 10034K, committed 10176K, reserved 1064960K
  class space    used 892K, committed 960K, reserved 1048576K
}
Event: 2.313 GC heap after
{Heap after GC invocations=1 (full 0):
 garbage-first heap   total 63488K, used 6081K [0x00000000c2c00000, 0x0000000100000000)
  region size 1024K, 2 young (2048K), 2 survivors (2048K)
 Metaspace       used 10034K, committed 10176K, reserved 1064960K
  class space    used 892K, committed 960K, reserved 1048576K
}
Event: 3.610 GC heap before
{Heap before GC invocations=1 (full 0):
 garbage-first heap   total 63488K, used 15297K [0x00000000c2c00000, 0x0000000100000000)
  region size 1024K, 11 young (11264K), 2 survivors (2048K)
 Metaspace       used 14007K, committed 14144K, reserved 1064960K
  class space    used 1356K, committed 1408K, reserved 1048576K
}
Event: 3.621 GC heap after
{Heap after GC invocations=2 (full 0):
 garbage-first heap   total 63488K, used 7449K [0x00000000c2c00000, 0x0000000100000000)
  region size 1024K, 2 young (2048K), 2 survivors (2048K)
 Metaspace       used 14007K, committed 14144K, reserved 1064960K
  class space    used 1356K, committed 1408K, reserved 1048576K
}
Event: 5.242 GC heap before
{Heap before GC invocations=2 (full 0):
 garbage-first heap   total 63488K, used 27929K [0x00000000c2c00000, 0x0000000100000000)
  region size 1024K, 23 young (23552K), 2 survivors (2048K)
 Metaspace       used 19658K, committed 19904K, reserved 1073152K
  class space    used 2070K, committed 2176K, reserved 1048576K
}
Event: 5.250 GC heap after
{Heap after GC invocations=3 (full 0):
 garbage-first heap   total 63488K, used 8743K [0x00000000c2c00000, 0x0000000100000000)
  region size 1024K, 3 young (3072K), 3 survivors (3072K)
 Metaspace       used 19658K, committed 19904K, reserved 1073152K
  class space    used 2070K, committed 2176K, reserved 1048576K
}
Event: 5.806 GC heap before
{Heap before GC invocations=3 (full 0):
 garbage-first heap   total 63488K, used 11815K [0x00000000c2c00000, 0x0000000100000000)
  region size 1024K, 8 young (8192K), 3 survivors (3072K)
 Metaspace       used 21056K, committed 21248K, reserved 1073152K
  class space    used 2229K, committed 2304K, reserved 1048576K
}
Event: 5.814 GC heap after
{Heap after GC invocations=4 (full 0):
 garbage-first heap   total 63488K, used 9214K [0x00000000c2c00000, 0x0000000100000000)
  region size 1024K, 2 young (2048K), 2 survivors (2048K)
 Metaspace       used 21056K, committed 21248K, reserved 1073152K
  class space    used 2229K, committed 2304K, reserved 1048576K
}
Event: 6.453 GC heap before
{Heap before GC invocations=5 (full 0):
 garbage-first heap   total 37888K, used 28670K [0x00000000c2c00000, 0x0000000100000000)
  region size 1024K, 22 young (22528K), 2 survivors (2048K)
 Metaspace       used 23666K, committed 23872K, reserved 1073152K
  class space    used 2595K, committed 2688K, reserved 1048576K
}
Event: 6.461 GC heap after
{Heap after GC invocations=6 (full 0):
 garbage-first heap   total 37888K, used 9870K [0x00000000c2c00000, 0x0000000100000000)
  region size 1024K, 3 young (3072K), 3 survivors (3072K)
 Metaspace       used 23666K, committed 23872K, reserved 1073152K
  class space    used 2595K, committed 2688K, reserved 1048576K
}
Event: 6.475 GC heap before
{Heap before GC invocations=6 (full 0):
 garbage-first heap   total 37888K, used 24206K [0x00000000c2c00000, 0x0000000100000000)
  region size 1024K, 18 young (18432K), 3 survivors (3072K)
 Metaspace       used 23712K, committed 23872K, reserved 1073152K
  class space    used 2600K, committed 2688K, reserved 1048576K
}
Event: 6.482 GC heap after
{Heap after GC invocations=7 (full 0):
 garbage-first heap   total 37888K, used 9870K [0x00000000c2c00000, 0x0000000100000000)
  region size 1024K, 2 young (2048K), 2 survivors (2048K)
 Metaspace       used 23712K, committed 23872K, reserved 1073152K
  class space    used 2600K, committed 2688K, reserved 1048576K
}
Event: 6.583 GC heap before
{Heap before GC invocations=7 (full 0):
 garbage-first heap   total 37888K, used 24206K [0x00000000c2c00000, 0x0000000100000000)
  region size 1024K, 17 young (17408K), 2 survivors (2048K)
 Metaspace       used 24236K, committed 24448K, reserved 1073152K
  class space    used 2641K, committed 2752K, reserved 1048576K
}
Event: 6.587 GC heap after
{Heap after GC invocations=8 (full 0):
 garbage-first heap   total 37888K, used 10006K [0x00000000c2c00000, 0x0000000100000000)
  region size 1024K, 2 young (2048K), 2 survivors (2048K)
 Metaspace       used 24236K, committed 24448K, reserved 1073152K
  class space    used 2641K, committed 2752K, reserved 1048576K
}
Event: 8.952 GC heap before
{Heap before GC invocations=8 (full 0):
 garbage-first heap   total 37888K, used 26390K [0x00000000c2c00000, 0x0000000100000000)
  region size 1024K, 18 young (18432K), 2 survivors (2048K)
 Metaspace       used 26052K, committed 26304K, reserved 1073152K
  class space    used 2857K, committed 3008K, reserved 1048576K
}
Event: 8.962 GC heap after
{Heap after GC invocations=9 (full 0):
 garbage-first heap   total 75776K, used 10658K [0x00000000c2c00000, 0x0000000100000000)
  region size 1024K, 2 young (2048K), 2 survivors (2048K)
 Metaspace       used 26052K, committed 26304K, reserved 1073152K
  class space    used 2857K, committed 3008K, reserved 1048576K
}

